<?xml version="1.0" encoding="UTF-8"?>
<!-- Generated by org.testng.reporters.JUnitXMLReporter -->
<testsuite hostname="Computer" name="Command line test" tests="4" failures="0" timestamp="12 Aug 2014 18:12:31 GMT" time="13.032" errors="0">
  <testcase name="verifyCorrectingAddingProduct" time="4.322" classname="com.selenium.atf.tests.FirstTest"/>
  <testcase name="verifyCorrectingAddingProduct" time="2.93" classname="com.selenium.atf.tests.FirstTest"/>
  <testcase name="verifyCorrectingAddingProduct" time="2.91" classname="com.selenium.atf.tests.FirstTest"/>
  <testcase name="verifyCorrectingAddingProduct" time="2.86" classname="com.selenium.atf.tests.FirstTest"/>
</testsuite> <!-- Command line test -->
