<?xml version="1.0" encoding="UTF-8"?>
<!-- Generated by org.testng.reporters.JUnitXMLReporter -->
<testsuite hostname="lvp140700781" name="Command line test" tests="43" failures="0" timestamp="2 Sep 2014 07:19:47 GMT" time="142.823" errors="0">
  <testcase name="verifyCorrectingAddingProduct" time="9.758" classname="com.selenium.atf.tests.Test1"/>
  <testcase name="verifyCorrectingAddingProduct" time="2.832" classname="com.selenium.atf.tests.Test1"/>
  <testcase name="verifyCorrectingAddingProduct" time="3.021" classname="com.selenium.atf.tests.Test1"/>
  <testcase name="verifyCorrectingAddingProduct" time="2.809" classname="com.selenium.atf.tests.Test1"/>
  <testcase name="verifyCorrectingAddingProduct" time="2.897" classname="com.selenium.atf.tests.Test1"/>
  <testcase name="verifyCorrectingAddingProduct" time="2.87" classname="com.selenium.atf.tests.Test1"/>
  <testcase name="verifyCorrectingAddingProduct" time="2.832" classname="com.selenium.atf.tests.Test1"/>
  <testcase name="verifyManyAcceptChangesPositive" time="3.327" classname="com.selenium.atf.tests.Test1"/>
  <testcase name="verifyManyAcceptChangesPositive" time="3.263" classname="com.selenium.atf.tests.Test1"/>
  <testcase name="verifyManyAcceptChangesPositive" time="3.363" classname="com.selenium.atf.tests.Test1"/>
  <testcase name="verifyManyAcceptChangesPositive" time="3.26" classname="com.selenium.atf.tests.Test1"/>
  <testcase name="verifyManyAcceptChangesPositive" time="3.247" classname="com.selenium.atf.tests.Test1"/>
  <testcase name="verifyManyAcceptChangesPositive" time="3.334" classname="com.selenium.atf.tests.Test1"/>
  <testcase name="verifyManyAcceptChangesPositive" time="3.314" classname="com.selenium.atf.tests.Test1"/>
  <testcase name="verifyIncorrectingAddingProduct" time="0.882" classname="com.selenium.atf.tests.Test2"/>
  <testcase name="verifyIncorrectingAddingProduct" time="0.457" classname="com.selenium.atf.tests.Test2"/>
  <testcase name="verifyIncorrectingAddingProduct" time="0.493" classname="com.selenium.atf.tests.Test2"/>
  <testcase name="verifyIncorrectingAddingProduct" time="0.444" classname="com.selenium.atf.tests.Test2"/>
  <testcase name="verifyIncorrectingAddingProduct" time="0.457" classname="com.selenium.atf.tests.Test2"/>
  <testcase name="verifyIncorrectingAddingProduct" time="0.5" classname="com.selenium.atf.tests.Test2"/>
  <testcase name="verifyIncorrectingAddingProduct" time="0.47" classname="com.selenium.atf.tests.Test2"/>
  <testcase name="verifyIncorrectingAddingProduct" time="0.494" classname="com.selenium.atf.tests.Test2"/>
  <testcase name="verifyIncorrectingAddingProduct" time="0.49" classname="com.selenium.atf.tests.Test2"/>
  <testcase name="verifyIncorrectingAddingProductChekingErrors" time="1.638" classname="com.selenium.atf.tests.Test2"/>
  <testcase name="verifyAcceptChangesButtonClick" time="0.243" classname="com.selenium.atf.tests.Test3"/>
  <testcase name="verifyCancelChangesButtonClick" time="0.212" classname="com.selenium.atf.tests.Test3"/>
  <testcase name="verifyEditingAccept_CancelChangesNegative" time="0.73" classname="com.selenium.atf.tests.Test3"/>
  <testcase name="verifyEditingCancelChangesNegative" time="0.455" classname="com.selenium.atf.tests.Test3"/>
  <testcase name="verifyEditingCancelChangespositive" time="0.461" classname="com.selenium.atf.tests.Test3"/>
  <testcase name="verifyIsEditModeEnabled" time="0.459" classname="com.selenium.atf.tests.Test4"/>
  <testcase name="verifyManyAcceptChangesNegative" time="0.708" classname="com.selenium.atf.tests.Test4"/>
  <testcase name="verifyManyAcceptChangesNegative" time="0.629" classname="com.selenium.atf.tests.Test4"/>
  <testcase name="verifyManyAcceptChangesNegative" time="0.634" classname="com.selenium.atf.tests.Test4"/>
  <testcase name="verifyManyAcceptChangesNegative" time="0.616" classname="com.selenium.atf.tests.Test4"/>
  <testcase name="verifyManyAcceptChangesNegative" time="0.639" classname="com.selenium.atf.tests.Test4"/>
  <testcase name="verifyManyAcceptChangesNegative" time="0.647" classname="com.selenium.atf.tests.Test4"/>
  <testcase name="verifyManyAcceptChangesNegative" time="0.67" classname="com.selenium.atf.tests.Test4"/>
  <testcase name="verifyManyAcceptChangesNegative" time="0.667" classname="com.selenium.atf.tests.Test4"/>
  <testcase name="verifyManyAcceptChangesNegative" time="0.674" classname="com.selenium.atf.tests.Test4"/>
  <testcase name="VerifyManyAcceptChangesNegativeChekingErrors" time="1.556" classname="com.selenium.atf.tests.Test5"/>
  <testcase name="verifyCorrectingCalculatingTotalPrice" time="1.64" classname="com.selenium.atf.tests.Test5"/>
  <testcase name="verifyDeleteProductClick" time="0.151" classname="com.selenium.atf.tests.Test5"/>
  <testcase name="verifyDeletingOneProductFromTwo" time="0.981" classname="com.selenium.atf.tests.Test5"/>
</testsuite> <!-- Command line test -->
