<?xml version="1.0" encoding="UTF-8"?>
<!-- Generated by org.testng.reporters.JUnitXMLReporter -->
<testsuite hostname="Computer" name="Command line test" tests="43" failures="0" timestamp="16 Sep 2014 22:23:03 GMT" time="125.696" errors="0">
  <testcase name="verifyCorrectingAddingProduct" time="4.62" classname="com.selenium.atf.tests.Test1"/>
  <testcase name="verifyCorrectingAddingProduct" time="1.333" classname="com.selenium.atf.tests.Test1"/>
  <testcase name="verifyCorrectingAddingProduct" time="1.299" classname="com.selenium.atf.tests.Test1"/>
  <testcase name="verifyCorrectingAddingProduct" time="1.23" classname="com.selenium.atf.tests.Test1"/>
  <testcase name="verifyCorrectingAddingProduct" time="1.309" classname="com.selenium.atf.tests.Test1"/>
  <testcase name="verifyCorrectingAddingProduct" time="6.32" classname="com.selenium.atf.tests.Test1"/>
  <testcase name="verifyCorrectingAddingProduct" time="1.248" classname="com.selenium.atf.tests.Test1"/>
  <testcase name="verifyManyAcceptChangesPositive" time="2.08" classname="com.selenium.atf.tests.Test1"/>
  <testcase name="verifyManyAcceptChangesPositive" time="2.111" classname="com.selenium.atf.tests.Test1"/>
  <testcase name="verifyManyAcceptChangesPositive" time="2.057" classname="com.selenium.atf.tests.Test1"/>
  <testcase name="verifyManyAcceptChangesPositive" time="2.078" classname="com.selenium.atf.tests.Test1"/>
  <testcase name="verifyManyAcceptChangesPositive" time="2.167" classname="com.selenium.atf.tests.Test1"/>
  <testcase name="verifyManyAcceptChangesPositive" time="2.064" classname="com.selenium.atf.tests.Test1"/>
  <testcase name="verifyManyAcceptChangesPositive" time="2.142" classname="com.selenium.atf.tests.Test1"/>
  <testcase name="verifyIncorrectingAddingProduct" time="4.184" classname="com.selenium.atf.tests.Test2"/>
  <testcase name="verifyIncorrectingAddingProduct" time="0.802" classname="com.selenium.atf.tests.Test2"/>
  <testcase name="verifyIncorrectingAddingProduct" time="0.791" classname="com.selenium.atf.tests.Test2"/>
  <testcase name="verifyIncorrectingAddingProduct" time="0.831" classname="com.selenium.atf.tests.Test2"/>
  <testcase name="verifyIncorrectingAddingProduct" time="0.788" classname="com.selenium.atf.tests.Test2"/>
  <testcase name="verifyIncorrectingAddingProduct" time="0.823" classname="com.selenium.atf.tests.Test2"/>
  <testcase name="verifyIncorrectingAddingProduct" time="0.814" classname="com.selenium.atf.tests.Test2"/>
  <testcase name="verifyIncorrectingAddingProduct" time="0.888" classname="com.selenium.atf.tests.Test2"/>
  <testcase name="verifyIncorrectingAddingProduct" time="0.879" classname="com.selenium.atf.tests.Test2"/>
  <testcase name="verifyIncorrectingAddingProductChekingErrors" time="2.828" classname="com.selenium.atf.tests.Test2"/>
  <testcase name="verifyAcceptChangesButtonClick" time="0.365" classname="com.selenium.atf.tests.Test3"/>
  <testcase name="verifyCancelChangesButtonClick" time="0.339" classname="com.selenium.atf.tests.Test3"/>
  <testcase name="verifyEditingAccept_CancelChangesNegative" time="1.237" classname="com.selenium.atf.tests.Test3"/>
  <testcase name="verifyEditingCancelChangesNegative" time="0.799" classname="com.selenium.atf.tests.Test3"/>
  <testcase name="verifyEditingCancelChangespositive" time="0.818" classname="com.selenium.atf.tests.Test3"/>
  <testcase name="verifyIsEditModeEnabled" time="0.888" classname="com.selenium.atf.tests.Test4"/>
  <testcase name="verifyManyAcceptChangesNegative" time="1.176" classname="com.selenium.atf.tests.Test4"/>
  <testcase name="verifyManyAcceptChangesNegative" time="1.092" classname="com.selenium.atf.tests.Test4"/>
  <testcase name="verifyManyAcceptChangesNegative" time="1.137" classname="com.selenium.atf.tests.Test4"/>
  <testcase name="verifyManyAcceptChangesNegative" time="1.094" classname="com.selenium.atf.tests.Test4"/>
  <testcase name="verifyManyAcceptChangesNegative" time="1.202" classname="com.selenium.atf.tests.Test4"/>
  <testcase name="verifyManyAcceptChangesNegative" time="1.112" classname="com.selenium.atf.tests.Test4"/>
  <testcase name="verifyManyAcceptChangesNegative" time="1.15" classname="com.selenium.atf.tests.Test4"/>
  <testcase name="verifyManyAcceptChangesNegative" time="1.122" classname="com.selenium.atf.tests.Test4"/>
  <testcase name="verifyManyAcceptChangesNegative" time="1.155" classname="com.selenium.atf.tests.Test4"/>
  <testcase name="VerifyManyAcceptChangesNegativeChekingErrors" time="2.8" classname="com.selenium.atf.tests.Test5"/>
  <testcase name="verifyCorrectingCalculatingTotalPrice" time="2.77" classname="com.selenium.atf.tests.Test5"/>
  <testcase name="verifyDeleteProductClick" time="0.293" classname="com.selenium.atf.tests.Test5"/>
  <testcase name="verifyDeletingOneProductFromTwo" time="1.826" classname="com.selenium.atf.tests.Test5"/>
</testsuite> <!-- Command line test -->
