<?xml version="1.0" encoding="UTF-8"?>
<testsuite name="TestSuite" time="68.045" tests="43" errors="0" skipped="0" failures="0">
  <properties>
[...]
</properties>
  <testcase name="verifyCorrectingAddingProduct" classname="com.selenium.atf.tests.Test1" time="4.601"/>
  <testcase name="verifyCorrectingAddingProduct" classname="com.selenium.atf.tests.Test1" time="1.333"/>
  <testcase name="verifyCorrectingAddingProduct" classname="com.selenium.atf.tests.Test1" time="1.299"/>
  <testcase name="verifyCorrectingAddingProduct" classname="com.selenium.atf.tests.Test1" time="1.23"/>
  <testcase name="verifyCorrectingAddingProduct" classname="com.selenium.atf.tests.Test1" time="1.309"/>
  <testcase name="verifyCorrectingAddingProduct" classname="com.selenium.atf.tests.Test1" time="6.319"/>
  <testcase name="verifyCorrectingAddingProduct" classname="com.selenium.atf.tests.Test1" time="1.248"/>
  <testcase name="verifyManyAcceptChangesPositive" classname="com.selenium.atf.tests.Test1" time="2.08"/>
  <testcase name="verifyManyAcceptChangesPositive" classname="com.selenium.atf.tests.Test1" time="2.111"/>
  <testcase name="verifyManyAcceptChangesPositive" classname="com.selenium.atf.tests.Test1" time="2.057"/>
  <testcase name="verifyManyAcceptChangesPositive" classname="com.selenium.atf.tests.Test1" time="2.078"/>
  <testcase name="verifyManyAcceptChangesPositive" classname="com.selenium.atf.tests.Test1" time="2.167"/>
  <testcase name="verifyManyAcceptChangesPositive" classname="com.selenium.atf.tests.Test1" time="2.065"/>
  <testcase name="verifyManyAcceptChangesPositive" classname="com.selenium.atf.tests.Test1" time="2.142"/>
  <testcase name="verifyIncorrectingAddingProduct" classname="com.selenium.atf.tests.Test2" time="4.182"/>
  <testcase name="verifyIncorrectingAddingProduct" classname="com.selenium.atf.tests.Test2" time="0.803"/>
  <testcase name="verifyIncorrectingAddingProduct" classname="com.selenium.atf.tests.Test2" time="0.79"/>
  <testcase name="verifyIncorrectingAddingProduct" classname="com.selenium.atf.tests.Test2" time="0.831"/>
  <testcase name="verifyIncorrectingAddingProduct" classname="com.selenium.atf.tests.Test2" time="0.788"/>
  <testcase name="verifyIncorrectingAddingProduct" classname="com.selenium.atf.tests.Test2" time="0.823"/>
  <testcase name="verifyIncorrectingAddingProduct" classname="com.selenium.atf.tests.Test2" time="0.815"/>
  <testcase name="verifyIncorrectingAddingProduct" classname="com.selenium.atf.tests.Test2" time="0.887"/>
  <testcase name="verifyIncorrectingAddingProduct" classname="com.selenium.atf.tests.Test2" time="0.879"/>
  <testcase name="verifyIncorrectingAddingProductChekingErrors" classname="com.selenium.atf.tests.Test2" time="2.828"/>
  <testcase name="verifyAcceptChangesButtonClick" classname="com.selenium.atf.tests.Test3" time="0.365"/>
  <testcase name="verifyCancelChangesButtonClick" classname="com.selenium.atf.tests.Test3" time="0.339"/>
  <testcase name="verifyEditingAccept_CancelChangesNegative" classname="com.selenium.atf.tests.Test3" time="1.237"/>
  <testcase name="verifyEditingCancelChangesNegative" classname="com.selenium.atf.tests.Test3" time="0.799"/>
  <testcase name="verifyEditingCancelChangespositive" classname="com.selenium.atf.tests.Test3" time="0.818"/>
  <testcase name="verifyIsEditModeEnabled" classname="com.selenium.atf.tests.Test4" time="0.888"/>
  <testcase name="verifyManyAcceptChangesNegative" classname="com.selenium.atf.tests.Test4" time="1.176"/>
  <testcase name="verifyManyAcceptChangesNegative" classname="com.selenium.atf.tests.Test4" time="1.092"/>
  <testcase name="verifyManyAcceptChangesNegative" classname="com.selenium.atf.tests.Test4" time="1.137"/>
  <testcase name="verifyManyAcceptChangesNegative" classname="com.selenium.atf.tests.Test4" time="1.094"/>
  <testcase name="verifyManyAcceptChangesNegative" classname="com.selenium.atf.tests.Test4" time="1.203"/>
  <testcase name="verifyManyAcceptChangesNegative" classname="com.selenium.atf.tests.Test4" time="1.112"/>
  <testcase name="verifyManyAcceptChangesNegative" classname="com.selenium.atf.tests.Test4" time="1.152"/>
  <testcase name="verifyManyAcceptChangesNegative" classname="com.selenium.atf.tests.Test4" time="1.123"/>
  <testcase name="verifyManyAcceptChangesNegative" classname="com.selenium.atf.tests.Test4" time="1.155"/>
  <testcase name="VerifyManyAcceptChangesNegativeChekingErrors" classname="com.selenium.atf.tests.Test5" time="2.8"/>
  <testcase name="verifyCorrectingCalculatingTotalPrice" classname="com.selenium.atf.tests.Test5" time="2.771"/>
  <testcase name="verifyDeleteProductClick" classname="com.selenium.atf.tests.Test5" time="0.293"/>
  <testcase name="verifyDeletingOneProductFromTwo" classname="com.selenium.atf.tests.Test5" time="1.826"/>
</testsuite>