<?xml version="1.0" encoding="UTF-8"?>
<testsuite name="TestSuite" time="69.224" tests="43" errors="0" skipped="0" failures="0">
  <properties>
[...]
</properties>
  <testcase name="verifyCorrectingAddingProduct" classname="com.selenium.atf.tests.Test1" time="9.757"/>
  <testcase name="verifyCorrectingAddingProduct" classname="com.selenium.atf.tests.Test1" time="2.832"/>
  <testcase name="verifyCorrectingAddingProduct" classname="com.selenium.atf.tests.Test1" time="3.021"/>
  <testcase name="verifyCorrectingAddingProduct" classname="com.selenium.atf.tests.Test1" time="2.809"/>
  <testcase name="verifyCorrectingAddingProduct" classname="com.selenium.atf.tests.Test1" time="2.897"/>
  <testcase name="verifyCorrectingAddingProduct" classname="com.selenium.atf.tests.Test1" time="2.87"/>
  <testcase name="verifyCorrectingAddingProduct" classname="com.selenium.atf.tests.Test1" time="2.832"/>
  <testcase name="verifyManyAcceptChangesPositive" classname="com.selenium.atf.tests.Test1" time="3.327"/>
  <testcase name="verifyManyAcceptChangesPositive" classname="com.selenium.atf.tests.Test1" time="3.263"/>
  <testcase name="verifyManyAcceptChangesPositive" classname="com.selenium.atf.tests.Test1" time="3.363"/>
  <testcase name="verifyManyAcceptChangesPositive" classname="com.selenium.atf.tests.Test1" time="3.26"/>
  <testcase name="verifyManyAcceptChangesPositive" classname="com.selenium.atf.tests.Test1" time="3.247"/>
  <testcase name="verifyManyAcceptChangesPositive" classname="com.selenium.atf.tests.Test1" time="3.334"/>
  <testcase name="verifyManyAcceptChangesPositive" classname="com.selenium.atf.tests.Test1" time="3.314"/>
  <testcase name="verifyIncorrectingAddingProduct" classname="com.selenium.atf.tests.Test2" time="0.882"/>
  <testcase name="verifyIncorrectingAddingProduct" classname="com.selenium.atf.tests.Test2" time="0.457"/>
  <testcase name="verifyIncorrectingAddingProduct" classname="com.selenium.atf.tests.Test2" time="0.493"/>
  <testcase name="verifyIncorrectingAddingProduct" classname="com.selenium.atf.tests.Test2" time="0.444"/>
  <testcase name="verifyIncorrectingAddingProduct" classname="com.selenium.atf.tests.Test2" time="0.457"/>
  <testcase name="verifyIncorrectingAddingProduct" classname="com.selenium.atf.tests.Test2" time="0.5"/>
  <testcase name="verifyIncorrectingAddingProduct" classname="com.selenium.atf.tests.Test2" time="0.47"/>
  <testcase name="verifyIncorrectingAddingProduct" classname="com.selenium.atf.tests.Test2" time="0.494"/>
  <testcase name="verifyIncorrectingAddingProduct" classname="com.selenium.atf.tests.Test2" time="0.49"/>
  <testcase name="verifyIncorrectingAddingProductChekingErrors" classname="com.selenium.atf.tests.Test2" time="1.639"/>
  <testcase name="verifyAcceptChangesButtonClick" classname="com.selenium.atf.tests.Test3" time="0.242"/>
  <testcase name="verifyCancelChangesButtonClick" classname="com.selenium.atf.tests.Test3" time="0.212"/>
  <testcase name="verifyEditingAccept_CancelChangesNegative" classname="com.selenium.atf.tests.Test3" time="0.73"/>
  <testcase name="verifyEditingCancelChangesNegative" classname="com.selenium.atf.tests.Test3" time="0.455"/>
  <testcase name="verifyEditingCancelChangespositive" classname="com.selenium.atf.tests.Test3" time="0.461"/>
  <testcase name="verifyIsEditModeEnabled" classname="com.selenium.atf.tests.Test4" time="0.459"/>
  <testcase name="verifyManyAcceptChangesNegative" classname="com.selenium.atf.tests.Test4" time="0.709"/>
  <testcase name="verifyManyAcceptChangesNegative" classname="com.selenium.atf.tests.Test4" time="0.629"/>
  <testcase name="verifyManyAcceptChangesNegative" classname="com.selenium.atf.tests.Test4" time="0.633"/>
  <testcase name="verifyManyAcceptChangesNegative" classname="com.selenium.atf.tests.Test4" time="0.616"/>
  <testcase name="verifyManyAcceptChangesNegative" classname="com.selenium.atf.tests.Test4" time="0.639"/>
  <testcase name="verifyManyAcceptChangesNegative" classname="com.selenium.atf.tests.Test4" time="0.647"/>
  <testcase name="verifyManyAcceptChangesNegative" classname="com.selenium.atf.tests.Test4" time="0.67"/>
  <testcase name="verifyManyAcceptChangesNegative" classname="com.selenium.atf.tests.Test4" time="0.667"/>
  <testcase name="verifyManyAcceptChangesNegative" classname="com.selenium.atf.tests.Test4" time="0.674"/>
  <testcase name="VerifyManyAcceptChangesNegativeChekingErrors" classname="com.selenium.atf.tests.Test5" time="1.556"/>
  <testcase name="verifyCorrectingCalculatingTotalPrice" classname="com.selenium.atf.tests.Test5" time="1.64"/>
  <testcase name="verifyDeleteProductClick" classname="com.selenium.atf.tests.Test5" time="0.152"/>
  <testcase name="verifyDeletingOneProductFromTwo" classname="com.selenium.atf.tests.Test5" time="0.981"/>
</testsuite>