<?xml version="1.0" encoding="UTF-8"?>
<testng-results skipped="0" failed="0" total="43" passed="43">
  <reporter-output>
  </reporter-output>
  <suite name="Command line suite" duration-ms="125696" started-at="2014-09-16T22:20:58Z" finished-at="2014-09-16T22:23:03Z">
    <groups>
    </groups>
    <test name="Command line test" duration-ms="125696" started-at="2014-09-16T22:20:58Z" finished-at="2014-09-16T22:23:03Z">
      <class name="com.selenium.atf.tests.Test4">
        <test-method status="PASS" signature="setGlobalBrowser(java.lang.String, java.lang.String)[pri:0, instance:com.selenium.atf.tests.Test4@33e95386]" name="setGlobalBrowser" is-config="true" duration-ms="148" started-at="2014-09-17T01:20:57Z" finished-at="2014-09-17T01:20:58Z">
          <params>
            <param index="0">
              <value>
                <![CDATA[chrome]]>
              </value>
            </param>
            <param index="1">
              <value>
                <![CDATA[local]]>
              </value>
            </param>
          </params>
          <reporter-output>
          </reporter-output>
        </test-method> <!-- setGlobalBrowser -->
        <test-method status="PASS" signature="SetUp()[pri:0, instance:com.selenium.atf.tests.Test4@33e95386]" name="SetUp" is-config="true" duration-ms="1817" started-at="2014-09-17T01:22:19Z" finished-at="2014-09-17T01:22:20Z">
          <reporter-output>
          </reporter-output>
        </test-method> <!-- SetUp -->
        <test-method status="PASS" signature="addingFirstRowToInvoiceTable()[pri:0, instance:com.selenium.atf.tests.Test4@33e95386]" name="addingFirstRowToInvoiceTable" is-config="true" duration-ms="3823" started-at="2014-09-17T01:22:20Z" finished-at="2014-09-17T01:22:24Z">
          <reporter-output>
          </reporter-output>
        </test-method> <!-- addingFirstRowToInvoiceTable -->
        <test-method status="PASS" signature="verifyIsEditModeEnabled()[pri:0, instance:com.selenium.atf.tests.Test4@33e95386]" name="verifyIsEditModeEnabled" duration-ms="888" started-at="2014-09-17T01:22:24Z" finished-at="2014-09-17T01:22:25Z">
          <reporter-output>
          </reporter-output>
        </test-method> <!-- verifyIsEditModeEnabled -->
        <test-method status="PASS" signature="chekingSomeAsserts()[pri:0, instance:com.selenium.atf.tests.Test4@33e95386]" name="chekingSomeAsserts" is-config="true" duration-ms="325" started-at="2014-09-17T01:22:25Z" finished-at="2014-09-17T01:22:26Z">
          <reporter-output>
          </reporter-output>
        </test-method> <!-- chekingSomeAsserts -->
        <test-method status="PASS" signature="addingFirstRowToInvoiceTable()[pri:0, instance:com.selenium.atf.tests.Test4@33e95386]" name="addingFirstRowToInvoiceTable" is-config="true" duration-ms="762" started-at="2014-09-17T01:22:26Z" finished-at="2014-09-17T01:22:26Z">
          <reporter-output>
          </reporter-output>
        </test-method> <!-- addingFirstRowToInvoiceTable -->
        <test-method status="PASS" signature="verifyManyAcceptChangesNegative(java.util.Map)[pri:0, instance:com.selenium.atf.tests.Test4@33e95386]" name="verifyManyAcceptChangesNegative" duration-ms="1176" started-at="2014-09-17T01:22:26Z" data-provider="CsvDataProvider" finished-at="2014-09-17T01:22:27Z">
          <params>
            <param index="0">
              <value>
                <![CDATA[{total=36000, price=7200, product_name=Notebook Dell 5115, quantity=, product_number=1, units=m}]]>
              </value>
            </param>
          </params>
          <reporter-output>
          </reporter-output>
        </test-method> <!-- verifyManyAcceptChangesNegative -->
        <test-method status="PASS" signature="chekingSomeAsserts()[pri:0, instance:com.selenium.atf.tests.Test4@33e95386]" name="chekingSomeAsserts" is-config="true" duration-ms="314" started-at="2014-09-17T01:22:27Z" finished-at="2014-09-17T01:22:28Z">
          <reporter-output>
          </reporter-output>
        </test-method> <!-- chekingSomeAsserts -->
        <test-method status="PASS" signature="addingFirstRowToInvoiceTable()[pri:0, instance:com.selenium.atf.tests.Test4@33e95386]" name="addingFirstRowToInvoiceTable" is-config="true" duration-ms="749" started-at="2014-09-17T01:22:28Z" finished-at="2014-09-17T01:22:29Z">
          <reporter-output>
          </reporter-output>
        </test-method> <!-- addingFirstRowToInvoiceTable -->
        <test-method status="PASS" signature="verifyManyAcceptChangesNegative(java.util.Map)[pri:0, instance:com.selenium.atf.tests.Test4@33e95386]" name="verifyManyAcceptChangesNegative" duration-ms="1092" started-at="2014-09-17T01:22:29Z" data-provider="CsvDataProvider" finished-at="2014-09-17T01:22:30Z">
          <params>
            <param index="0">
              <value>
                <![CDATA[{total=, price=, product_name=, quantity=, product_number=2, units=l}]]>
              </value>
            </param>
          </params>
          <reporter-output>
          </reporter-output>
        </test-method> <!-- verifyManyAcceptChangesNegative -->
        <test-method status="PASS" signature="chekingSomeAsserts()[pri:0, instance:com.selenium.atf.tests.Test4@33e95386]" name="chekingSomeAsserts" is-config="true" duration-ms="324" started-at="2014-09-17T01:22:30Z" finished-at="2014-09-17T01:22:30Z">
          <reporter-output>
          </reporter-output>
        </test-method> <!-- chekingSomeAsserts -->
        <test-method status="PASS" signature="addingFirstRowToInvoiceTable()[pri:0, instance:com.selenium.atf.tests.Test4@33e95386]" name="addingFirstRowToInvoiceTable" is-config="true" duration-ms="755" started-at="2014-09-17T01:22:30Z" finished-at="2014-09-17T01:22:31Z">
          <reporter-output>
          </reporter-output>
        </test-method> <!-- addingFirstRowToInvoiceTable -->
        <test-method status="PASS" signature="verifyManyAcceptChangesNegative(java.util.Map)[pri:0, instance:com.selenium.atf.tests.Test4@33e95386]" name="verifyManyAcceptChangesNegative" duration-ms="1137" started-at="2014-09-17T01:22:31Z" data-provider="CsvDataProvider" finished-at="2014-09-17T01:22:32Z">
          <params>
            <param index="0">
              <value>
                <![CDATA[{total=50000, price=50000, product_name=, quantity=1, product_number=3, units=kg}]]>
              </value>
            </param>
          </params>
          <reporter-output>
          </reporter-output>
        </test-method> <!-- verifyManyAcceptChangesNegative -->
        <test-method status="PASS" signature="chekingSomeAsserts()[pri:0, instance:com.selenium.atf.tests.Test4@33e95386]" name="chekingSomeAsserts" is-config="true" duration-ms="310" started-at="2014-09-17T01:22:32Z" finished-at="2014-09-17T01:22:32Z">
          <reporter-output>
          </reporter-output>
        </test-method> <!-- chekingSomeAsserts -->
        <test-method status="PASS" signature="addingFirstRowToInvoiceTable()[pri:0, instance:com.selenium.atf.tests.Test4@33e95386]" name="addingFirstRowToInvoiceTable" is-config="true" duration-ms="729" started-at="2014-09-17T01:22:32Z" finished-at="2014-09-17T01:22:33Z">
          <reporter-output>
          </reporter-output>
        </test-method> <!-- addingFirstRowToInvoiceTable -->
        <test-method status="PASS" signature="verifyManyAcceptChangesNegative(java.util.Map)[pri:0, instance:com.selenium.atf.tests.Test4@33e95386]" name="verifyManyAcceptChangesNegative" duration-ms="1094" started-at="2014-09-17T01:22:33Z" data-provider="CsvDataProvider" finished-at="2014-09-17T01:22:34Z">
          <params>
            <param index="0">
              <value>
                <![CDATA[{total=11, price=, product_name=Light, quantity=11, product_number=4, units=pcs}]]>
              </value>
            </param>
          </params>
          <reporter-output>
          </reporter-output>
        </test-method> <!-- verifyManyAcceptChangesNegative -->
        <test-method status="PASS" signature="chekingSomeAsserts()[pri:0, instance:com.selenium.atf.tests.Test4@33e95386]" name="chekingSomeAsserts" is-config="true" duration-ms="311" started-at="2014-09-17T01:22:34Z" finished-at="2014-09-17T01:22:34Z">
          <reporter-output>
          </reporter-output>
        </test-method> <!-- chekingSomeAsserts -->
        <test-method status="PASS" signature="addingFirstRowToInvoiceTable()[pri:0, instance:com.selenium.atf.tests.Test4@33e95386]" name="addingFirstRowToInvoiceTable" is-config="true" duration-ms="750" started-at="2014-09-17T01:22:34Z" finished-at="2014-09-17T01:22:35Z">
          <reporter-output>
          </reporter-output>
        </test-method> <!-- addingFirstRowToInvoiceTable -->
        <test-method status="PASS" signature="verifyManyAcceptChangesNegative(java.util.Map)[pri:0, instance:com.selenium.atf.tests.Test4@33e95386]" name="verifyManyAcceptChangesNegative" duration-ms="1202" started-at="2014-09-17T01:22:35Z" data-provider="CsvDataProvider" finished-at="2014-09-17T01:22:36Z">
          <params>
            <param index="0">
              <value>
                <![CDATA[{total=0, price=0, product_name=Зошит, quantity=0, product_number=5, units=pcs}]]>
              </value>
            </param>
          </params>
          <reporter-output>
          </reporter-output>
        </test-method> <!-- verifyManyAcceptChangesNegative -->
        <test-method status="PASS" signature="chekingSomeAsserts()[pri:0, instance:com.selenium.atf.tests.Test4@33e95386]" name="chekingSomeAsserts" is-config="true" duration-ms="314" started-at="2014-09-17T01:22:36Z" finished-at="2014-09-17T01:22:37Z">
          <reporter-output>
          </reporter-output>
        </test-method> <!-- chekingSomeAsserts -->
        <test-method status="PASS" signature="addingFirstRowToInvoiceTable()[pri:0, instance:com.selenium.atf.tests.Test4@33e95386]" name="addingFirstRowToInvoiceTable" is-config="true" duration-ms="730" started-at="2014-09-17T01:22:37Z" finished-at="2014-09-17T01:22:37Z">
          <reporter-output>
          </reporter-output>
        </test-method> <!-- addingFirstRowToInvoiceTable -->
        <test-method status="PASS" signature="verifyManyAcceptChangesNegative(java.util.Map)[pri:0, instance:com.selenium.atf.tests.Test4@33e95386]" name="verifyManyAcceptChangesNegative" duration-ms="1112" started-at="2014-09-17T01:22:37Z" data-provider="CsvDataProvider" finished-at="2014-09-17T01:22:38Z">
          <params>
            <param index="0">
              <value>
                <![CDATA[{total=0.01, price=0,1, product_name=C, quantity=0,1, product_number=6, units=m}]]>
              </value>
            </param>
          </params>
          <reporter-output>
          </reporter-output>
        </test-method> <!-- verifyManyAcceptChangesNegative -->
        <test-method status="PASS" signature="chekingSomeAsserts()[pri:0, instance:com.selenium.atf.tests.Test4@33e95386]" name="chekingSomeAsserts" is-config="true" duration-ms="303" started-at="2014-09-17T01:22:38Z" finished-at="2014-09-17T01:22:39Z">
          <reporter-output>
          </reporter-output>
        </test-method> <!-- chekingSomeAsserts -->
        <test-method status="PASS" signature="addingFirstRowToInvoiceTable()[pri:0, instance:com.selenium.atf.tests.Test4@33e95386]" name="addingFirstRowToInvoiceTable" is-config="true" duration-ms="718" started-at="2014-09-17T01:22:39Z" finished-at="2014-09-17T01:22:39Z">
          <reporter-output>
          </reporter-output>
        </test-method> <!-- addingFirstRowToInvoiceTable -->
        <test-method status="PASS" signature="verifyManyAcceptChangesNegative(java.util.Map)[pri:0, instance:com.selenium.atf.tests.Test4@33e95386]" name="verifyManyAcceptChangesNegative" duration-ms="1150" started-at="2014-09-17T01:22:39Z" data-provider="CsvDataProvider" finished-at="2014-09-17T01:22:41Z">
          <params>
            <param index="0">
              <value>
                <![CDATA[{total=1, price=-1, product_name=av, quantity=-1, product_number=7, units=m}]]>
              </value>
            </param>
          </params>
          <reporter-output>
          </reporter-output>
        </test-method> <!-- verifyManyAcceptChangesNegative -->
        <test-method status="PASS" signature="chekingSomeAsserts()[pri:0, instance:com.selenium.atf.tests.Test4@33e95386]" name="chekingSomeAsserts" is-config="true" duration-ms="311" started-at="2014-09-17T01:22:41Z" finished-at="2014-09-17T01:22:41Z">
          <reporter-output>
          </reporter-output>
        </test-method> <!-- chekingSomeAsserts -->
        <test-method status="PASS" signature="addingFirstRowToInvoiceTable()[pri:0, instance:com.selenium.atf.tests.Test4@33e95386]" name="addingFirstRowToInvoiceTable" is-config="true" duration-ms="721" started-at="2014-09-17T01:22:41Z" finished-at="2014-09-17T01:22:42Z">
          <reporter-output>
          </reporter-output>
        </test-method> <!-- addingFirstRowToInvoiceTable -->
        <test-method status="PASS" signature="verifyManyAcceptChangesNegative(java.util.Map)[pri:0, instance:com.selenium.atf.tests.Test4@33e95386]" name="verifyManyAcceptChangesNegative" duration-ms="1122" started-at="2014-09-17T01:22:42Z" data-provider="CsvDataProvider" finished-at="2014-09-17T01:22:43Z">
          <params>
            <param index="0">
              <value>
                <![CDATA[{total=khhjg, price=hhjg, product_name=nn+, quantity=jhhhg, product_number=8, units=l}]]>
              </value>
            </param>
          </params>
          <reporter-output>
          </reporter-output>
        </test-method> <!-- verifyManyAcceptChangesNegative -->
        <test-method status="PASS" signature="chekingSomeAsserts()[pri:0, instance:com.selenium.atf.tests.Test4@33e95386]" name="chekingSomeAsserts" is-config="true" duration-ms="308" started-at="2014-09-17T01:22:43Z" finished-at="2014-09-17T01:22:43Z">
          <reporter-output>
          </reporter-output>
        </test-method> <!-- chekingSomeAsserts -->
        <test-method status="PASS" signature="addingFirstRowToInvoiceTable()[pri:0, instance:com.selenium.atf.tests.Test4@33e95386]" name="addingFirstRowToInvoiceTable" is-config="true" duration-ms="727" started-at="2014-09-17T01:22:43Z" finished-at="2014-09-17T01:22:44Z">
          <reporter-output>
          </reporter-output>
        </test-method> <!-- addingFirstRowToInvoiceTable -->
        <test-method status="PASS" signature="verifyManyAcceptChangesNegative(java.util.Map)[pri:0, instance:com.selenium.atf.tests.Test4@33e95386]" name="verifyManyAcceptChangesNegative" duration-ms="1155" started-at="2014-09-17T01:22:44Z" data-provider="CsvDataProvider" finished-at="2014-09-17T01:22:45Z">
          <params>
            <param index="0">
              <value>
                <![CDATA[{total=#%^^, price=#$$%%$%, product_name=gghj, quantity=&())(*&$$, product_number=9, units=kg}]]>
              </value>
            </param>
          </params>
          <reporter-output>
          </reporter-output>
        </test-method> <!-- verifyManyAcceptChangesNegative -->
        <test-method status="PASS" signature="chekingSomeAsserts()[pri:0, instance:com.selenium.atf.tests.Test4@33e95386]" name="chekingSomeAsserts" is-config="true" duration-ms="305" started-at="2014-09-17T01:22:45Z" finished-at="2014-09-17T01:22:45Z">
          <reporter-output>
          </reporter-output>
        </test-method> <!-- chekingSomeAsserts -->
        <test-method status="PASS" signature="TearDown()[pri:0, instance:com.selenium.atf.tests.Test4@33e95386]" name="TearDown" is-config="true" duration-ms="1213" started-at="2014-09-17T01:22:45Z" finished-at="2014-09-17T01:22:46Z">
          <reporter-output>
          </reporter-output>
        </test-method> <!-- TearDown -->
      </class> <!-- com.selenium.atf.tests.Test4 -->
      <class name="com.selenium.atf.tests.Test3">
        <test-method status="PASS" signature="SetUp()[pri:0, instance:com.selenium.atf.tests.Test3@74fe4dd2]" name="SetUp" is-config="true" duration-ms="1834" started-at="2014-09-17T01:21:59Z" finished-at="2014-09-17T01:22:01Z">
          <reporter-output>
          </reporter-output>
        </test-method> <!-- SetUp -->
        <test-method status="PASS" signature="addingFirstRowToInvoiceTable()[pri:0, instance:com.selenium.atf.tests.Test3@74fe4dd2]" name="addingFirstRowToInvoiceTable" is-config="true" duration-ms="4106" started-at="2014-09-17T01:22:01Z" finished-at="2014-09-17T01:22:05Z">
          <reporter-output>
          </reporter-output>
        </test-method> <!-- addingFirstRowToInvoiceTable -->
        <test-method status="PASS" signature="verifyAcceptChangesButtonClick()[pri:0, instance:com.selenium.atf.tests.Test3@74fe4dd2]" name="verifyAcceptChangesButtonClick" duration-ms="365" started-at="2014-09-17T01:22:05Z" finished-at="2014-09-17T01:22:05Z">
          <reporter-output>
          </reporter-output>
        </test-method> <!-- verifyAcceptChangesButtonClick -->
        <test-method status="PASS" signature="chekingSomeAsserts()[pri:0, instance:com.selenium.atf.tests.Test3@74fe4dd2]" name="chekingSomeAsserts" is-config="true" duration-ms="1371" started-at="2014-09-17T01:22:05Z" finished-at="2014-09-17T01:22:07Z">
          <reporter-output>
          </reporter-output>
        </test-method> <!-- chekingSomeAsserts -->
        <test-method status="PASS" signature="addingFirstRowToInvoiceTable()[pri:0, instance:com.selenium.atf.tests.Test3@74fe4dd2]" name="addingFirstRowToInvoiceTable" is-config="true" duration-ms="944" started-at="2014-09-17T01:22:07Z" finished-at="2014-09-17T01:22:08Z">
          <reporter-output>
          </reporter-output>
        </test-method> <!-- addingFirstRowToInvoiceTable -->
        <test-method status="PASS" signature="verifyCancelChangesButtonClick()[pri:0, instance:com.selenium.atf.tests.Test3@74fe4dd2]" name="verifyCancelChangesButtonClick" duration-ms="339" started-at="2014-09-17T01:22:08Z" finished-at="2014-09-17T01:22:08Z">
          <reporter-output>
          </reporter-output>
        </test-method> <!-- verifyCancelChangesButtonClick -->
        <test-method status="PASS" signature="chekingSomeAsserts()[pri:0, instance:com.selenium.atf.tests.Test3@74fe4dd2]" name="chekingSomeAsserts" is-config="true" duration-ms="1126" started-at="2014-09-17T01:22:08Z" finished-at="2014-09-17T01:22:09Z">
          <reporter-output>
          </reporter-output>
        </test-method> <!-- chekingSomeAsserts -->
        <test-method status="PASS" signature="addingFirstRowToInvoiceTable()[pri:0, instance:com.selenium.atf.tests.Test3@74fe4dd2]" name="addingFirstRowToInvoiceTable" is-config="true" duration-ms="753" started-at="2014-09-17T01:22:09Z" finished-at="2014-09-17T01:22:10Z">
          <reporter-output>
          </reporter-output>
        </test-method> <!-- addingFirstRowToInvoiceTable -->
        <test-method status="PASS" signature="verifyEditingAccept_CancelChangesNegative()[pri:0, instance:com.selenium.atf.tests.Test3@74fe4dd2]" name="verifyEditingAccept_CancelChangesNegative" duration-ms="1237" started-at="2014-09-17T01:22:10Z" finished-at="2014-09-17T01:22:11Z">
          <reporter-output>
          </reporter-output>
        </test-method> <!-- verifyEditingAccept_CancelChangesNegative -->
        <test-method status="PASS" signature="chekingSomeAsserts()[pri:0, instance:com.selenium.atf.tests.Test3@74fe4dd2]" name="chekingSomeAsserts" is-config="true" duration-ms="1125" started-at="2014-09-17T01:22:11Z" finished-at="2014-09-17T01:22:12Z">
          <reporter-output>
          </reporter-output>
        </test-method> <!-- chekingSomeAsserts -->
        <test-method status="PASS" signature="addingFirstRowToInvoiceTable()[pri:0, instance:com.selenium.atf.tests.Test3@74fe4dd2]" name="addingFirstRowToInvoiceTable" is-config="true" duration-ms="746" started-at="2014-09-17T01:22:12Z" finished-at="2014-09-17T01:22:13Z">
          <reporter-output>
          </reporter-output>
        </test-method> <!-- addingFirstRowToInvoiceTable -->
        <test-method status="PASS" signature="verifyEditingCancelChangesNegative()[pri:0, instance:com.selenium.atf.tests.Test3@74fe4dd2]" name="verifyEditingCancelChangesNegative" duration-ms="799" started-at="2014-09-17T01:22:13Z" finished-at="2014-09-17T01:22:14Z">
          <reporter-output>
          </reporter-output>
        </test-method> <!-- verifyEditingCancelChangesNegative -->
        <test-method status="PASS" signature="chekingSomeAsserts()[pri:0, instance:com.selenium.atf.tests.Test3@74fe4dd2]" name="chekingSomeAsserts" is-config="true" duration-ms="1034" started-at="2014-09-17T01:22:14Z" finished-at="2014-09-17T01:22:15Z">
          <reporter-output>
          </reporter-output>
        </test-method> <!-- chekingSomeAsserts -->
        <test-method status="PASS" signature="addingFirstRowToInvoiceTable()[pri:0, instance:com.selenium.atf.tests.Test3@74fe4dd2]" name="addingFirstRowToInvoiceTable" is-config="true" duration-ms="756" started-at="2014-09-17T01:22:15Z" finished-at="2014-09-17T01:22:16Z">
          <reporter-output>
          </reporter-output>
        </test-method> <!-- addingFirstRowToInvoiceTable -->
        <test-method status="PASS" signature="verifyEditingCancelChangespositive()[pri:0, instance:com.selenium.atf.tests.Test3@74fe4dd2]" name="verifyEditingCancelChangespositive" duration-ms="818" started-at="2014-09-17T01:22:16Z" finished-at="2014-09-17T01:22:16Z">
          <reporter-output>
          </reporter-output>
        </test-method> <!-- verifyEditingCancelChangespositive -->
        <test-method status="PASS" signature="chekingSomeAsserts()[pri:0, instance:com.selenium.atf.tests.Test3@74fe4dd2]" name="chekingSomeAsserts" is-config="true" duration-ms="1040" started-at="2014-09-17T01:22:16Z" finished-at="2014-09-17T01:22:17Z">
          <reporter-output>
          </reporter-output>
        </test-method> <!-- chekingSomeAsserts -->
        <test-method status="PASS" signature="TearDown()[pri:0, instance:com.selenium.atf.tests.Test3@74fe4dd2]" name="TearDown" is-config="true" duration-ms="1193" started-at="2014-09-17T01:22:17Z" finished-at="2014-09-17T01:22:19Z">
          <reporter-output>
          </reporter-output>
        </test-method> <!-- TearDown -->
      </class> <!-- com.selenium.atf.tests.Test3 -->
      <class name="com.selenium.atf.tests.Test2">
        <test-method status="PASS" signature="SetUp()[pri:0, instance:com.selenium.atf.tests.Test2@63a751ff]" name="SetUp" is-config="true" duration-ms="1758" started-at="2014-09-17T01:21:42Z" finished-at="2014-09-17T01:21:44Z">
          <reporter-output>
          </reporter-output>
        </test-method> <!-- SetUp -->
        <test-method status="PASS" signature="verifyIncorrectingAddingProduct(java.util.Map)[pri:0, instance:com.selenium.atf.tests.Test2@63a751ff]" name="verifyIncorrectingAddingProduct" duration-ms="4184" started-at="2014-09-17T01:21:44Z" data-provider="CsvDataProvider" finished-at="2014-09-17T01:21:48Z">
          <params>
            <param index="0">
              <value>
                <![CDATA[{total=36000, price=7200, product_name=Notebook Dell 5115, quantity=, product_number=1, units=m}]]>
              </value>
            </param>
          </params>
          <reporter-output>
          </reporter-output>
        </test-method> <!-- verifyIncorrectingAddingProduct -->
        <test-method status="PASS" signature="verifyIncorrectingAddingProduct(java.util.Map)[pri:0, instance:com.selenium.atf.tests.Test2@63a751ff]" name="verifyIncorrectingAddingProduct" duration-ms="802" started-at="2014-09-17T01:21:48Z" data-provider="CsvDataProvider" finished-at="2014-09-17T01:21:49Z">
          <params>
            <param index="0">
              <value>
                <![CDATA[{total=, price=, product_name=, quantity=, product_number=2, units=l}]]>
              </value>
            </param>
          </params>
          <reporter-output>
          </reporter-output>
        </test-method> <!-- verifyIncorrectingAddingProduct -->
        <test-method status="PASS" signature="verifyIncorrectingAddingProduct(java.util.Map)[pri:0, instance:com.selenium.atf.tests.Test2@63a751ff]" name="verifyIncorrectingAddingProduct" duration-ms="791" started-at="2014-09-17T01:21:49Z" data-provider="CsvDataProvider" finished-at="2014-09-17T01:21:50Z">
          <params>
            <param index="0">
              <value>
                <![CDATA[{total=50000, price=50000, product_name=, quantity=1, product_number=3, units=kg}]]>
              </value>
            </param>
          </params>
          <reporter-output>
          </reporter-output>
        </test-method> <!-- verifyIncorrectingAddingProduct -->
        <test-method status="PASS" signature="verifyIncorrectingAddingProduct(java.util.Map)[pri:0, instance:com.selenium.atf.tests.Test2@63a751ff]" name="verifyIncorrectingAddingProduct" duration-ms="831" started-at="2014-09-17T01:21:50Z" data-provider="CsvDataProvider" finished-at="2014-09-17T01:21:51Z">
          <params>
            <param index="0">
              <value>
                <![CDATA[{total=11, price=, product_name=Light, quantity=11, product_number=4, units=pcs}]]>
              </value>
            </param>
          </params>
          <reporter-output>
          </reporter-output>
        </test-method> <!-- verifyIncorrectingAddingProduct -->
        <test-method status="PASS" signature="verifyIncorrectingAddingProduct(java.util.Map)[pri:0, instance:com.selenium.atf.tests.Test2@63a751ff]" name="verifyIncorrectingAddingProduct" duration-ms="788" started-at="2014-09-17T01:21:51Z" data-provider="CsvDataProvider" finished-at="2014-09-17T01:21:52Z">
          <params>
            <param index="0">
              <value>
                <![CDATA[{total=0, price=0, product_name=Зошит, quantity=0, product_number=5, units=pcs}]]>
              </value>
            </param>
          </params>
          <reporter-output>
          </reporter-output>
        </test-method> <!-- verifyIncorrectingAddingProduct -->
        <test-method status="PASS" signature="verifyIncorrectingAddingProduct(java.util.Map)[pri:0, instance:com.selenium.atf.tests.Test2@63a751ff]" name="verifyIncorrectingAddingProduct" duration-ms="823" started-at="2014-09-17T01:21:52Z" data-provider="CsvDataProvider" finished-at="2014-09-17T01:21:52Z">
          <params>
            <param index="0">
              <value>
                <![CDATA[{total=0.01, price=0,1, product_name=C, quantity=0,1, product_number=6, units=m}]]>
              </value>
            </param>
          </params>
          <reporter-output>
          </reporter-output>
        </test-method> <!-- verifyIncorrectingAddingProduct -->
        <test-method status="PASS" signature="verifyIncorrectingAddingProduct(java.util.Map)[pri:0, instance:com.selenium.atf.tests.Test2@63a751ff]" name="verifyIncorrectingAddingProduct" duration-ms="814" started-at="2014-09-17T01:21:52Z" data-provider="CsvDataProvider" finished-at="2014-09-17T01:21:53Z">
          <params>
            <param index="0">
              <value>
                <![CDATA[{total=1, price=-1, product_name=av, quantity=-1, product_number=7, units=m}]]>
              </value>
            </param>
          </params>
          <reporter-output>
          </reporter-output>
        </test-method> <!-- verifyIncorrectingAddingProduct -->
        <test-method status="PASS" signature="verifyIncorrectingAddingProduct(java.util.Map)[pri:0, instance:com.selenium.atf.tests.Test2@63a751ff]" name="verifyIncorrectingAddingProduct" duration-ms="888" started-at="2014-09-17T01:21:53Z" data-provider="CsvDataProvider" finished-at="2014-09-17T01:21:54Z">
          <params>
            <param index="0">
              <value>
                <![CDATA[{total=khhjg, price=hhjg, product_name=nn+, quantity=jhhhg, product_number=8, units=l}]]>
              </value>
            </param>
          </params>
          <reporter-output>
          </reporter-output>
        </test-method> <!-- verifyIncorrectingAddingProduct -->
        <test-method status="PASS" signature="verifyIncorrectingAddingProduct(java.util.Map)[pri:0, instance:com.selenium.atf.tests.Test2@63a751ff]" name="verifyIncorrectingAddingProduct" duration-ms="879" started-at="2014-09-17T01:21:54Z" data-provider="CsvDataProvider" finished-at="2014-09-17T01:21:55Z">
          <params>
            <param index="0">
              <value>
                <![CDATA[{total=#%^^, price=#$$%%$%, product_name=gghj, quantity=&())(*&$$, product_number=9, units=kg}]]>
              </value>
            </param>
          </params>
          <reporter-output>
          </reporter-output>
        </test-method> <!-- verifyIncorrectingAddingProduct -->
        <test-method status="PASS" signature="verifyIncorrectingAddingProductChekingErrors()[pri:0, instance:com.selenium.atf.tests.Test2@63a751ff]" name="verifyIncorrectingAddingProductChekingErrors" duration-ms="2828" started-at="2014-09-17T01:21:55Z" finished-at="2014-09-17T01:21:58Z">
          <reporter-output>
          </reporter-output>
        </test-method> <!-- verifyIncorrectingAddingProductChekingErrors -->
        <test-method status="PASS" signature="TearDown()[pri:0, instance:com.selenium.atf.tests.Test2@63a751ff]" name="TearDown" is-config="true" duration-ms="1202" started-at="2014-09-17T01:21:58Z" finished-at="2014-09-17T01:21:59Z">
          <reporter-output>
          </reporter-output>
        </test-method> <!-- TearDown -->
      </class> <!-- com.selenium.atf.tests.Test2 -->
      <class name="com.selenium.atf.tests.Test1">
        <test-method status="PASS" signature="SetUp()[pri:0, instance:com.selenium.atf.tests.Test1@415bd8eb]" name="SetUp" is-config="true" duration-ms="2463" started-at="2014-09-17T01:20:58Z" finished-at="2014-09-17T01:21:00Z">
          <reporter-output>
          </reporter-output>
        </test-method> <!-- SetUp -->
        <test-method status="PASS" signature="verifyCorrectingAddingProduct(java.util.Map)[pri:0, instance:com.selenium.atf.tests.Test1@415bd8eb]" name="verifyCorrectingAddingProduct" duration-ms="4620" started-at="2014-09-17T01:21:00Z" data-provider="CsvDataProvider" finished-at="2014-09-17T01:21:05Z">
          <params>
            <param index="0">
              <value>
                <![CDATA[{total=0.6, price=0.0001, product_name=Notebook Dell 5115, quantity=6000, product_number=1, units=m}]]>
              </value>
            </param>
          </params>
          <reporter-output>
          </reporter-output>
        </test-method> <!-- verifyCorrectingAddingProduct -->
        <test-method status="PASS" signature="chekingSomeAsserts()[pri:0, instance:com.selenium.atf.tests.Test1@415bd8eb]" name="chekingSomeAsserts" is-config="true" duration-ms="735" started-at="2014-09-17T01:21:05Z" finished-at="2014-09-17T01:21:05Z">
          <reporter-output>
          </reporter-output>
        </test-method> <!-- chekingSomeAsserts -->
        <test-method status="PASS" signature="verifyCorrectingAddingProduct(java.util.Map)[pri:0, instance:com.selenium.atf.tests.Test1@415bd8eb]" name="verifyCorrectingAddingProduct" duration-ms="1333" started-at="2014-09-17T01:21:05Z" data-provider="CsvDataProvider" finished-at="2014-09-17T01:21:07Z">
          <params>
            <param index="0">
              <value>
                <![CDATA[{total=150, price=30, product_name=Cannon 25GT 25UT mts, quantity=5, product_number=2, units=kg}]]>
              </value>
            </param>
          </params>
          <reporter-output>
          </reporter-output>
        </test-method> <!-- verifyCorrectingAddingProduct -->
        <test-method status="PASS" signature="chekingSomeAsserts()[pri:0, instance:com.selenium.atf.tests.Test1@415bd8eb]" name="chekingSomeAsserts" is-config="true" duration-ms="651" started-at="2014-09-17T01:21:07Z" finished-at="2014-09-17T01:21:07Z">
          <reporter-output>
          </reporter-output>
        </test-method> <!-- chekingSomeAsserts -->
        <test-method status="PASS" signature="verifyCorrectingAddingProduct(java.util.Map)[pri:0, instance:com.selenium.atf.tests.Test1@415bd8eb]" name="verifyCorrectingAddingProduct" duration-ms="1299" started-at="2014-09-17T01:21:07Z" data-provider="CsvDataProvider" finished-at="2014-09-17T01:21:09Z">
          <params>
            <param index="0">
              <value>
                <![CDATA[{total=310, price=3.1, product_name=Зошит шкільний новый, quantity=100, product_number=3, units=l}]]>
              </value>
            </param>
          </params>
          <reporter-output>
          </reporter-output>
        </test-method> <!-- verifyCorrectingAddingProduct -->
        <test-method status="PASS" signature="chekingSomeAsserts()[pri:0, instance:com.selenium.atf.tests.Test1@415bd8eb]" name="chekingSomeAsserts" is-config="true" duration-ms="644" started-at="2014-09-17T01:21:09Z" finished-at="2014-09-17T01:21:09Z">
          <reporter-output>
          </reporter-output>
        </test-method> <!-- chekingSomeAsserts -->
        <test-method status="PASS" signature="verifyCorrectingAddingProduct(java.util.Map)[pri:0, instance:com.selenium.atf.tests.Test1@415bd8eb]" name="verifyCorrectingAddingProduct" duration-ms="1230" started-at="2014-09-17T01:21:09Z" data-provider="CsvDataProvider" finished-at="2014-09-17T01:21:11Z">
          <params>
            <param index="0">
              <value>
                <![CDATA[{total=11, price=1, product_name=AKT, quantity=11, product_number=4, units=pcs}]]>
              </value>
            </param>
          </params>
          <reporter-output>
          </reporter-output>
        </test-method> <!-- verifyCorrectingAddingProduct -->
        <test-method status="PASS" signature="chekingSomeAsserts()[pri:0, instance:com.selenium.atf.tests.Test1@415bd8eb]" name="chekingSomeAsserts" is-config="true" duration-ms="649" started-at="2014-09-17T01:21:11Z" finished-at="2014-09-17T01:21:11Z">
          <reporter-output>
          </reporter-output>
        </test-method> <!-- chekingSomeAsserts -->
        <test-method status="PASS" signature="verifyCorrectingAddingProduct(java.util.Map)[pri:0, instance:com.selenium.atf.tests.Test1@415bd8eb]" name="verifyCorrectingAddingProduct" duration-ms="1309" started-at="2014-09-17T01:21:11Z" data-provider="CsvDataProvider" finished-at="2014-09-17T01:21:13Z">
          <params>
            <param index="0">
              <value>
                <![CDATA[{total=0.001, price=0.01, product_name=Ролывдлв %$#@!^&*()_+=, quantity=0.1, product_number=5, units=kg}]]>
              </value>
            </param>
          </params>
          <reporter-output>
          </reporter-output>
        </test-method> <!-- verifyCorrectingAddingProduct -->
        <test-method status="PASS" signature="chekingSomeAsserts()[pri:0, instance:com.selenium.atf.tests.Test1@415bd8eb]" name="chekingSomeAsserts" is-config="true" duration-ms="639" started-at="2014-09-17T01:21:13Z" finished-at="2014-09-17T01:21:13Z">
          <reporter-output>
          </reporter-output>
        </test-method> <!-- chekingSomeAsserts -->
        <test-method status="PASS" signature="verifyCorrectingAddingProduct(java.util.Map)[pri:0, instance:com.selenium.atf.tests.Test1@415bd8eb]" name="verifyCorrectingAddingProduct" duration-ms="6320" started-at="2014-09-17T01:21:13Z" data-provider="CsvDataProvider" finished-at="2014-09-17T01:21:20Z">
          <params>
            <param index="0">
              <value>
                <![CDATA[{total=0.0002, price=2, product_name=ooGGKJLKLopppuu, quantity=0.0001, product_number=6, units=m}]]>
              </value>
            </param>
          </params>
          <reporter-output>
          </reporter-output>
        </test-method> <!-- verifyCorrectingAddingProduct -->
        <test-method status="PASS" signature="chekingSomeAsserts()[pri:0, instance:com.selenium.atf.tests.Test1@415bd8eb]" name="chekingSomeAsserts" is-config="true" duration-ms="640" started-at="2014-09-17T01:21:20Z" finished-at="2014-09-17T01:21:20Z">
          <reporter-output>
          </reporter-output>
        </test-method> <!-- chekingSomeAsserts -->
        <test-method status="PASS" signature="verifyCorrectingAddingProduct(java.util.Map)[pri:0, instance:com.selenium.atf.tests.Test1@415bd8eb]" name="verifyCorrectingAddingProduct" duration-ms="1248" started-at="2014-09-17T01:21:20Z" data-provider="CsvDataProvider" finished-at="2014-09-17T01:21:21Z">
          <params>
            <param index="0">
              <value>
                <![CDATA[{total=12, price=12, product_name=qweerpuuoppuu+ao, quantity=1, product_number=7, units=l}]]>
              </value>
            </param>
          </params>
          <reporter-output>
          </reporter-output>
        </test-method> <!-- verifyCorrectingAddingProduct -->
        <test-method status="PASS" signature="chekingSomeAsserts()[pri:0, instance:com.selenium.atf.tests.Test1@415bd8eb]" name="chekingSomeAsserts" is-config="true" duration-ms="621" started-at="2014-09-17T01:21:21Z" finished-at="2014-09-17T01:21:22Z">
          <reporter-output>
          </reporter-output>
        </test-method> <!-- chekingSomeAsserts -->
        <test-method status="PASS" signature="verifyManyAcceptChangesPositive(java.util.Map)[pri:0, instance:com.selenium.atf.tests.Test1@415bd8eb]" name="verifyManyAcceptChangesPositive" duration-ms="2080" started-at="2014-09-17T01:21:22Z" data-provider="CsvDataProvider" finished-at="2014-09-17T01:21:24Z">
          <params>
            <param index="0">
              <value>
                <![CDATA[{total=0.6, price=0.0001, product_name=Notebook Dell 5115, quantity=6000, product_number=1, units=m}]]>
              </value>
            </param>
          </params>
          <reporter-output>
          </reporter-output>
        </test-method> <!-- verifyManyAcceptChangesPositive -->
        <test-method status="PASS" signature="chekingSomeAsserts()[pri:0, instance:com.selenium.atf.tests.Test1@415bd8eb]" name="chekingSomeAsserts" is-config="true" duration-ms="609" started-at="2014-09-17T01:21:24Z" finished-at="2014-09-17T01:21:25Z">
          <reporter-output>
          </reporter-output>
        </test-method> <!-- chekingSomeAsserts -->
        <test-method status="PASS" signature="verifyManyAcceptChangesPositive(java.util.Map)[pri:0, instance:com.selenium.atf.tests.Test1@415bd8eb]" name="verifyManyAcceptChangesPositive" duration-ms="2111" started-at="2014-09-17T01:21:25Z" data-provider="CsvDataProvider" finished-at="2014-09-17T01:21:27Z">
          <params>
            <param index="0">
              <value>
                <![CDATA[{total=150, price=30, product_name=Cannon 25GT 25UT mts, quantity=5, product_number=2, units=kg}]]>
              </value>
            </param>
          </params>
          <reporter-output>
          </reporter-output>
        </test-method> <!-- verifyManyAcceptChangesPositive -->
        <test-method status="PASS" signature="chekingSomeAsserts()[pri:0, instance:com.selenium.atf.tests.Test1@415bd8eb]" name="chekingSomeAsserts" is-config="true" duration-ms="624" started-at="2014-09-17T01:21:27Z" finished-at="2014-09-17T01:21:27Z">
          <reporter-output>
          </reporter-output>
        </test-method> <!-- chekingSomeAsserts -->
        <test-method status="PASS" signature="verifyManyAcceptChangesPositive(java.util.Map)[pri:0, instance:com.selenium.atf.tests.Test1@415bd8eb]" name="verifyManyAcceptChangesPositive" duration-ms="2057" started-at="2014-09-17T01:21:27Z" data-provider="CsvDataProvider" finished-at="2014-09-17T01:21:30Z">
          <params>
            <param index="0">
              <value>
                <![CDATA[{total=310, price=3.1, product_name=Зошит шкільний новый, quantity=100, product_number=3, units=l}]]>
              </value>
            </param>
          </params>
          <reporter-output>
          </reporter-output>
        </test-method> <!-- verifyManyAcceptChangesPositive -->
        <test-method status="PASS" signature="chekingSomeAsserts()[pri:0, instance:com.selenium.atf.tests.Test1@415bd8eb]" name="chekingSomeAsserts" is-config="true" duration-ms="623" started-at="2014-09-17T01:21:30Z" finished-at="2014-09-17T01:21:30Z">
          <reporter-output>
          </reporter-output>
        </test-method> <!-- chekingSomeAsserts -->
        <test-method status="PASS" signature="verifyManyAcceptChangesPositive(java.util.Map)[pri:0, instance:com.selenium.atf.tests.Test1@415bd8eb]" name="verifyManyAcceptChangesPositive" duration-ms="2078" started-at="2014-09-17T01:21:30Z" data-provider="CsvDataProvider" finished-at="2014-09-17T01:21:32Z">
          <params>
            <param index="0">
              <value>
                <![CDATA[{total=11, price=1, product_name=AKT, quantity=11, product_number=4, units=pcs}]]>
              </value>
            </param>
          </params>
          <reporter-output>
          </reporter-output>
        </test-method> <!-- verifyManyAcceptChangesPositive -->
        <test-method status="PASS" signature="chekingSomeAsserts()[pri:0, instance:com.selenium.atf.tests.Test1@415bd8eb]" name="chekingSomeAsserts" is-config="true" duration-ms="675" started-at="2014-09-17T01:21:32Z" finished-at="2014-09-17T01:21:33Z">
          <reporter-output>
          </reporter-output>
        </test-method> <!-- chekingSomeAsserts -->
        <test-method status="PASS" signature="verifyManyAcceptChangesPositive(java.util.Map)[pri:0, instance:com.selenium.atf.tests.Test1@415bd8eb]" name="verifyManyAcceptChangesPositive" duration-ms="2167" started-at="2014-09-17T01:21:33Z" data-provider="CsvDataProvider" finished-at="2014-09-17T01:21:35Z">
          <params>
            <param index="0">
              <value>
                <![CDATA[{total=0.001, price=0.01, product_name=Ролывдлв %$#@!^&*()_+=, quantity=0.1, product_number=5, units=kg}]]>
              </value>
            </param>
          </params>
          <reporter-output>
          </reporter-output>
        </test-method> <!-- verifyManyAcceptChangesPositive -->
        <test-method status="PASS" signature="chekingSomeAsserts()[pri:0, instance:com.selenium.atf.tests.Test1@415bd8eb]" name="chekingSomeAsserts" is-config="true" duration-ms="673" started-at="2014-09-17T01:21:35Z" finished-at="2014-09-17T01:21:36Z">
          <reporter-output>
          </reporter-output>
        </test-method> <!-- chekingSomeAsserts -->
        <test-method status="PASS" signature="verifyManyAcceptChangesPositive(java.util.Map)[pri:0, instance:com.selenium.atf.tests.Test1@415bd8eb]" name="verifyManyAcceptChangesPositive" duration-ms="2064" started-at="2014-09-17T01:21:36Z" data-provider="CsvDataProvider" finished-at="2014-09-17T01:21:38Z">
          <params>
            <param index="0">
              <value>
                <![CDATA[{total=0.0002, price=2, product_name=ooGGKJLKLopppuu, quantity=0.0001, product_number=6, units=m}]]>
              </value>
            </param>
          </params>
          <reporter-output>
          </reporter-output>
        </test-method> <!-- verifyManyAcceptChangesPositive -->
        <test-method status="PASS" signature="chekingSomeAsserts()[pri:0, instance:com.selenium.atf.tests.Test1@415bd8eb]" name="chekingSomeAsserts" is-config="true" duration-ms="626" started-at="2014-09-17T01:21:38Z" finished-at="2014-09-17T01:21:38Z">
          <reporter-output>
          </reporter-output>
        </test-method> <!-- chekingSomeAsserts -->
        <test-method status="PASS" signature="verifyManyAcceptChangesPositive(java.util.Map)[pri:0, instance:com.selenium.atf.tests.Test1@415bd8eb]" name="verifyManyAcceptChangesPositive" duration-ms="2142" started-at="2014-09-17T01:21:38Z" data-provider="CsvDataProvider" finished-at="2014-09-17T01:21:41Z">
          <params>
            <param index="0">
              <value>
                <![CDATA[{total=12, price=12, product_name=qweerpuuoppuu+ao, quantity=1, product_number=7, units=l}]]>
              </value>
            </param>
          </params>
          <reporter-output>
          </reporter-output>
        </test-method> <!-- verifyManyAcceptChangesPositive -->
        <test-method status="PASS" signature="chekingSomeAsserts()[pri:0, instance:com.selenium.atf.tests.Test1@415bd8eb]" name="chekingSomeAsserts" is-config="true" duration-ms="698" started-at="2014-09-17T01:21:41Z" finished-at="2014-09-17T01:21:41Z">
          <reporter-output>
          </reporter-output>
        </test-method> <!-- chekingSomeAsserts -->
        <test-method status="PASS" signature="TearDown()[pri:0, instance:com.selenium.atf.tests.Test1@415bd8eb]" name="TearDown" is-config="true" duration-ms="1187" started-at="2014-09-17T01:21:41Z" finished-at="2014-09-17T01:21:42Z">
          <reporter-output>
          </reporter-output>
        </test-method> <!-- TearDown -->
      </class> <!-- com.selenium.atf.tests.Test1 -->
      <class name="com.selenium.atf.tests.Test5">
        <test-method status="PASS" signature="SetUp()[pri:0, instance:com.selenium.atf.tests.Test5@415daaef]" name="SetUp" is-config="true" duration-ms="1794" started-at="2014-09-17T01:22:46Z" finished-at="2014-09-17T01:22:48Z">
          <reporter-output>
          </reporter-output>
        </test-method> <!-- SetUp -->
        <test-method status="PASS" signature="addingFirstRowToInvoiceTable()[pri:0, instance:com.selenium.atf.tests.Test5@415daaef]" name="addingFirstRowToInvoiceTable" is-config="true" duration-ms="4027" started-at="2014-09-17T01:22:48Z" finished-at="2014-09-17T01:22:52Z">
          <reporter-output>
          </reporter-output>
        </test-method> <!-- addingFirstRowToInvoiceTable -->
        <test-method status="PASS" signature="VerifyManyAcceptChangesNegativeChekingErrors()[pri:0, instance:com.selenium.atf.tests.Test5@415daaef]" name="VerifyManyAcceptChangesNegativeChekingErrors" duration-ms="2800" started-at="2014-09-17T01:22:52Z" finished-at="2014-09-17T01:22:55Z">
          <reporter-output>
          </reporter-output>
        </test-method> <!-- VerifyManyAcceptChangesNegativeChekingErrors -->
        <test-method status="PASS" signature="addingFirstRowToInvoiceTable()[pri:0, instance:com.selenium.atf.tests.Test5@415daaef]" name="addingFirstRowToInvoiceTable" is-config="true" duration-ms="743" started-at="2014-09-17T01:22:55Z" finished-at="2014-09-17T01:22:56Z">
          <reporter-output>
          </reporter-output>
        </test-method> <!-- addingFirstRowToInvoiceTable -->
        <test-method status="PASS" signature="verifyCorrectingCalculatingTotalPrice()[pri:0, instance:com.selenium.atf.tests.Test5@415daaef]" name="verifyCorrectingCalculatingTotalPrice" duration-ms="2770" started-at="2014-09-17T01:22:56Z" finished-at="2014-09-17T01:22:59Z">
          <reporter-output>
          </reporter-output>
        </test-method> <!-- verifyCorrectingCalculatingTotalPrice -->
        <test-method status="PASS" signature="addingFirstRowToInvoiceTable()[pri:0, instance:com.selenium.atf.tests.Test5@415daaef]" name="addingFirstRowToInvoiceTable" is-config="true" duration-ms="754" started-at="2014-09-17T01:22:59Z" finished-at="2014-09-17T01:22:59Z">
          <reporter-output>
          </reporter-output>
        </test-method> <!-- addingFirstRowToInvoiceTable -->
        <test-method status="PASS" signature="verifyDeleteProductClick()[pri:0, instance:com.selenium.atf.tests.Test5@415daaef]" name="verifyDeleteProductClick" duration-ms="293" started-at="2014-09-17T01:22:59Z" finished-at="2014-09-17T01:23:00Z">
          <reporter-output>
          </reporter-output>
        </test-method> <!-- verifyDeleteProductClick -->
        <test-method status="PASS" signature="addingFirstRowToInvoiceTable()[pri:0, instance:com.selenium.atf.tests.Test5@415daaef]" name="addingFirstRowToInvoiceTable" is-config="true" duration-ms="703" started-at="2014-09-17T01:23:00Z" finished-at="2014-09-17T01:23:00Z">
          <reporter-output>
          </reporter-output>
        </test-method> <!-- addingFirstRowToInvoiceTable -->
        <test-method status="PASS" signature="verifyDeletingOneProductFromTwo()[pri:0, instance:com.selenium.atf.tests.Test5@415daaef]" name="verifyDeletingOneProductFromTwo" duration-ms="1826" started-at="2014-09-17T01:23:00Z" finished-at="2014-09-17T01:23:02Z">
          <reporter-output>
          </reporter-output>
        </test-method> <!-- verifyDeletingOneProductFromTwo -->
        <test-method status="PASS" signature="TearDown()[pri:0, instance:com.selenium.atf.tests.Test5@415daaef]" name="TearDown" is-config="true" duration-ms="1198" started-at="2014-09-17T01:23:02Z" finished-at="2014-09-17T01:23:03Z">
          <reporter-output>
          </reporter-output>
        </test-method> <!-- TearDown -->
      </class> <!-- com.selenium.atf.tests.Test5 -->
    </test> <!-- Command line test -->
  </suite> <!-- Command line suite -->
</testng-results>
