<?xml version="1.0" encoding="UTF-8"?>
<!-- Generated by org.testng.reporters.JUnitXMLReporter -->
<testsuite hostname="Computer" name="Default test" tests="4" failures="0" timestamp="12 Aug 2014 18:39:40 GMT" time="12.766" errors="0">
  <testcase name="verifyCorrectingAddingProduct" time="3.973" classname="com.selenium.atf.tests.FirstTest"/>
  <testcase name="verifyCorrectingAddingProduct" time="2.911" classname="com.selenium.atf.tests.FirstTest"/>
  <testcase name="verifyCorrectingAddingProduct" time="2.921" classname="com.selenium.atf.tests.FirstTest"/>
  <testcase name="verifyCorrectingAddingProduct" time="2.871" classname="com.selenium.atf.tests.FirstTest"/>
</testsuite> <!-- Default test -->
